{"/Users/charlesleung/Documents/Hack Reactor/FEC/ProjectCatwalk/client/src/components/RelatedProducts/Modal.jsx": {"path":"/Users/charlesleung/Documents/Hack Reactor/FEC/ProjectCatwalk/client/src/components/RelatedProducts/Modal.jsx","all":false,"statementMap":{"0":{"start":{"line":1,"column":0},"end":{"line":1,"column":37}},"1":{"start":{"line":2,"column":0},"end":{"line":2,"column":62}},"2":{"start":{"line":3,"column":0},"end":{"line":3,"column":51}},"3":{"start":{"line":4,"column":0},"end":{"line":4,"column":39}},"4":{"start":{"line":5,"column":0},"end":{"line":5,"column":41}},"5":{"start":{"line":6,"column":0},"end":{"line":6,"column":0}},"6":{"start":{"line":7,"column":0},"end":{"line":7,"column":30}},"7":{"start":{"line":8,"column":0},"end":{"line":8,"column":14}},"8":{"start":{"line":9,"column":0},"end":{"line":9,"column":16}},"9":{"start":{"line":10,"column":0},"end":{"line":10,"column":21}},"10":{"start":{"line":11,"column":0},"end":{"line":11,"column":11}},"11":{"start":{"line":12,"column":0},"end":{"line":12,"column":12}},"12":{"start":{"line":13,"column":0},"end":{"line":13,"column":14}},"13":{"start":{"line":14,"column":0},"end":{"line":14,"column":33}},"14":{"start":{"line":15,"column":0},"end":{"line":15,"column":18}},"15":{"start":{"line":16,"column":0},"end":{"line":16,"column":16}},"16":{"start":{"line":17,"column":0},"end":{"line":17,"column":26}},"17":{"start":{"line":18,"column":0},"end":{"line":18,"column":22}},"18":{"start":{"line":19,"column":0},"end":{"line":19,"column":2}},"19":{"start":{"line":20,"column":0},"end":{"line":20,"column":0}},"20":{"start":{"line":21,"column":0},"end":{"line":21,"column":32}},"21":{"start":{"line":22,"column":0},"end":{"line":22,"column":14}},"22":{"start":{"line":23,"column":0},"end":{"line":23,"column":16}},"23":{"start":{"line":24,"column":0},"end":{"line":24,"column":15}},"24":{"start":{"line":25,"column":0},"end":{"line":25,"column":14}},"25":{"start":{"line":26,"column":0},"end":{"line":26,"column":44}},"26":{"start":{"line":27,"column":0},"end":{"line":27,"column":19}},"27":{"start":{"line":28,"column":0},"end":{"line":28,"column":14}},"28":{"start":{"line":29,"column":0},"end":{"line":29,"column":16}},"29":{"start":{"line":30,"column":0},"end":{"line":30,"column":37}},"30":{"start":{"line":31,"column":0},"end":{"line":31,"column":21}},"31":{"start":{"line":32,"column":0},"end":{"line":32,"column":14}},"32":{"start":{"line":33,"column":0},"end":{"line":33,"column":22}},"33":{"start":{"line":34,"column":0},"end":{"line":34,"column":2}},"34":{"start":{"line":35,"column":0},"end":{"line":35,"column":0}},"35":{"start":{"line":36,"column":0},"end":{"line":36,"column":32}},"36":{"start":{"line":37,"column":0},"end":{"line":37,"column":16}},"37":{"start":{"line":38,"column":0},"end":{"line":38,"column":25}},"38":{"start":{"line":39,"column":0},"end":{"line":39,"column":26}},"39":{"start":{"line":40,"column":0},"end":{"line":40,"column":22}},"40":{"start":{"line":41,"column":0},"end":{"line":41,"column":19}},"41":{"start":{"line":42,"column":0},"end":{"line":42,"column":17}},"42":{"start":{"line":43,"column":0},"end":{"line":43,"column":5}},"43":{"start":{"line":44,"column":0},"end":{"line":44,"column":24}},"44":{"start":{"line":45,"column":0},"end":{"line":45,"column":3}},"45":{"start":{"line":46,"column":0},"end":{"line":46,"column":7}},"46":{"start":{"line":47,"column":0},"end":{"line":47,"column":17}},"47":{"start":{"line":48,"column":0},"end":{"line":48,"column":16}},"48":{"start":{"line":49,"column":0},"end":{"line":49,"column":3}},"49":{"start":{"line":50,"column":0},"end":{"line":50,"column":10}},"50":{"start":{"line":51,"column":0},"end":{"line":51,"column":23}},"51":{"start":{"line":52,"column":0},"end":{"line":52,"column":24}},"52":{"start":{"line":53,"column":0},"end":{"line":53,"column":16}},"53":{"start":{"line":54,"column":0},"end":{"line":54,"column":17}},"54":{"start":{"line":55,"column":0},"end":{"line":55,"column":3}},"55":{"start":{"line":56,"column":0},"end":{"line":56,"column":0}},"56":{"start":{"line":57,"column":0},"end":{"line":57,"column":19}},"57":{"start":{"line":58,"column":0},"end":{"line":58,"column":16}},"58":{"start":{"line":59,"column":0},"end":{"line":59,"column":26}},"59":{"start":{"line":60,"column":0},"end":{"line":60,"column":3}},"60":{"start":{"line":61,"column":0},"end":{"line":61,"column":2}},"61":{"start":{"line":62,"column":0},"end":{"line":62,"column":0}},"62":{"start":{"line":63,"column":0},"end":{"line":63,"column":41}},"63":{"start":{"line":64,"column":0},"end":{"line":64,"column":18}},"64":{"start":{"line":65,"column":0},"end":{"line":65,"column":21}},"65":{"start":{"line":66,"column":0},"end":{"line":66,"column":12}},"66":{"start":{"line":67,"column":0},"end":{"line":67,"column":14}},"67":{"start":{"line":68,"column":0},"end":{"line":68,"column":14}},"68":{"start":{"line":69,"column":0},"end":{"line":69,"column":15}},"69":{"start":{"line":70,"column":0},"end":{"line":70,"column":13}},"70":{"start":{"line":71,"column":0},"end":{"line":71,"column":14}},"71":{"start":{"line":72,"column":0},"end":{"line":72,"column":0}},"72":{"start":{"line":73,"column":0},"end":{"line":73,"column":12}},"73":{"start":{"line":74,"column":0},"end":{"line":74,"column":31}},"74":{"start":{"line":75,"column":0},"end":{"line":75,"column":3}},"75":{"start":{"line":76,"column":0},"end":{"line":76,"column":0}},"76":{"start":{"line":77,"column":0},"end":{"line":77,"column":13}},"77":{"start":{"line":78,"column":0},"end":{"line":78,"column":32}},"78":{"start":{"line":79,"column":0},"end":{"line":79,"column":3}},"79":{"start":{"line":80,"column":0},"end":{"line":80,"column":2}},"80":{"start":{"line":81,"column":0},"end":{"line":81,"column":0}},"81":{"start":{"line":82,"column":0},"end":{"line":82,"column":26}},"82":{"start":{"line":83,"column":0},"end":{"line":83,"column":30}},"83":{"start":{"line":84,"column":0},"end":{"line":84,"column":28}},"84":{"start":{"line":85,"column":0},"end":{"line":85,"column":0}},"85":{"start":{"line":86,"column":0},"end":{"line":86,"column":31}},"86":{"start":{"line":87,"column":0},"end":{"line":87,"column":13}},"87":{"start":{"line":88,"column":0},"end":{"line":88,"column":20}},"88":{"start":{"line":89,"column":0},"end":{"line":89,"column":6}},"89":{"start":{"line":90,"column":0},"end":{"line":90,"column":31}},"90":{"start":{"line":91,"column":0},"end":{"line":91,"column":66}},"91":{"start":{"line":92,"column":0},"end":{"line":92,"column":5}},"92":{"start":{"line":93,"column":0},"end":{"line":93,"column":0}},"93":{"start":{"line":94,"column":0},"end":{"line":94,"column":29}},"94":{"start":{"line":95,"column":0},"end":{"line":95,"column":40}},"95":{"start":{"line":96,"column":0},"end":{"line":96,"column":24}},"96":{"start":{"line":97,"column":0},"end":{"line":97,"column":5}},"97":{"start":{"line":98,"column":0},"end":{"line":98,"column":4}},"98":{"start":{"line":99,"column":0},"end":{"line":99,"column":0}},"99":{"start":{"line":100,"column":0},"end":{"line":100,"column":10}},"100":{"start":{"line":101,"column":0},"end":{"line":101,"column":6}},"101":{"start":{"line":102,"column":0},"end":{"line":102,"column":20}},"102":{"start":{"line":103,"column":0},"end":{"line":103,"column":56}},"103":{"start":{"line":104,"column":0},"end":{"line":104,"column":42}},"104":{"start":{"line":105,"column":0},"end":{"line":105,"column":48}},"105":{"start":{"line":106,"column":0},"end":{"line":106,"column":28}},"106":{"start":{"line":107,"column":0},"end":{"line":107,"column":34}},"107":{"start":{"line":108,"column":0},"end":{"line":108,"column":46}},"108":{"start":{"line":109,"column":0},"end":{"line":109,"column":23}},"109":{"start":{"line":110,"column":0},"end":{"line":110,"column":46}},"110":{"start":{"line":111,"column":0},"end":{"line":111,"column":29}},"111":{"start":{"line":112,"column":0},"end":{"line":112,"column":28}},"112":{"start":{"line":113,"column":0},"end":{"line":113,"column":36}},"113":{"start":{"line":114,"column":0},"end":{"line":114,"column":44}},"114":{"start":{"line":115,"column":0},"end":{"line":115,"column":44}},"115":{"start":{"line":116,"column":0},"end":{"line":116,"column":29}},"116":{"start":{"line":117,"column":0},"end":{"line":117,"column":28}},"117":{"start":{"line":118,"column":0},"end":{"line":118,"column":34}},"118":{"start":{"line":119,"column":0},"end":{"line":119,"column":63}},"119":{"start":{"line":120,"column":0},"end":{"line":120,"column":42}},"120":{"start":{"line":121,"column":0},"end":{"line":121,"column":29}},"121":{"start":{"line":122,"column":0},"end":{"line":122,"column":31}},"122":{"start":{"line":123,"column":0},"end":{"line":123,"column":40}},"123":{"start":{"line":124,"column":0},"end":{"line":124,"column":49}},"124":{"start":{"line":125,"column":0},"end":{"line":125,"column":16}},"125":{"start":{"line":126,"column":0},"end":{"line":126,"column":27}},"126":{"start":{"line":127,"column":0},"end":{"line":127,"column":25}},"127":{"start":{"line":128,"column":0},"end":{"line":128,"column":21}},"128":{"start":{"line":129,"column":0},"end":{"line":129,"column":15}},"129":{"start":{"line":130,"column":0},"end":{"line":130,"column":7}},"130":{"start":{"line":131,"column":0},"end":{"line":131,"column":0}},"131":{"start":{"line":132,"column":0},"end":{"line":132,"column":4}},"132":{"start":{"line":133,"column":0},"end":{"line":133,"column":2}},"133":{"start":{"line":134,"column":0},"end":{"line":134,"column":0}},"134":{"start":{"line":135,"column":0},"end":{"line":135,"column":21}}},"s":{"0":1,"1":1,"2":1,"3":1,"4":1,"5":1,"6":1,"7":1,"8":1,"9":1,"10":1,"11":1,"12":1,"13":1,"14":1,"15":1,"16":1,"17":1,"18":1,"19":1,"20":1,"21":1,"22":1,"23":1,"24":1,"25":1,"26":1,"27":1,"28":1,"29":1,"30":1,"31":1,"32":1,"33":1,"34":1,"35":1,"36":1,"37":1,"38":1,"39":1,"40":1,"41":1,"42":1,"43":1,"44":1,"45":1,"46":1,"47":1,"48":1,"49":1,"50":1,"51":1,"52":1,"53":1,"54":1,"55":1,"56":1,"57":1,"58":1,"59":1,"60":1,"61":1,"62":1,"63":1,"64":1,"65":1,"66":1,"67":1,"68":1,"69":1,"70":1,"71":1,"72":1,"73":1,"74":1,"75":1,"76":1,"77":1,"78":1,"79":1,"80":1,"81":1,"82":0,"83":0,"84":0,"85":0,"86":0,"87":0,"88":0,"89":0,"90":0,"91":0,"92":0,"93":0,"94":0,"95":0,"96":0,"97":0,"98":0,"99":0,"100":0,"101":0,"102":0,"103":0,"104":0,"105":0,"106":0,"107":0,"108":0,"109":0,"110":0,"111":0,"112":0,"113":0,"114":0,"115":0,"116":0,"117":0,"118":0,"119":0,"120":0,"121":0,"122":0,"123":0,"124":0,"125":0,"126":0,"127":0,"128":0,"129":0,"130":0,"131":0,"132":0,"133":1,"134":1},"branchMap":{},"b":{},"fnMap":{"0":{"name":"Modal","decl":{"start":{"line":82,"column":14},"end":{"line":133,"column":2}},"loc":{"start":{"line":82,"column":14},"end":{"line":133,"column":2}},"line":82}},"f":{"0":0}}
,"/Users/charlesleung/Documents/Hack Reactor/FEC/ProjectCatwalk/client/src/components/RelatedProducts/RelatedProductList.jsx": {"path":"/Users/charlesleung/Documents/Hack Reactor/FEC/ProjectCatwalk/client/src/components/RelatedProducts/RelatedProductList.jsx","all":false,"statementMap":{"0":{"start":{"line":1,"column":0},"end":{"line":1,"column":38}},"1":{"start":{"line":2,"column":0},"end":{"line":2,"column":37}},"2":{"start":{"line":3,"column":0},"end":{"line":3,"column":0}},"3":{"start":{"line":4,"column":0},"end":{"line":4,"column":38}},"4":{"start":{"line":5,"column":0},"end":{"line":5,"column":39}},"5":{"start":{"line":6,"column":0},"end":{"line":6,"column":48}},"6":{"start":{"line":7,"column":0},"end":{"line":7,"column":25}},"7":{"start":{"line":8,"column":0},"end":{"line":8,"column":38}},"8":{"start":{"line":9,"column":0},"end":{"line":9,"column":0}},"9":{"start":{"line":10,"column":0},"end":{"line":10,"column":56}},"10":{"start":{"line":11,"column":0},"end":{"line":11,"column":31}},"11":{"start":{"line":12,"column":0},"end":{"line":12,"column":18}},"12":{"start":{"line":13,"column":0},"end":{"line":13,"column":15}},"13":{"start":{"line":14,"column":0},"end":{"line":14,"column":12}},"14":{"start":{"line":15,"column":0},"end":{"line":15,"column":19}},"15":{"start":{"line":16,"column":0},"end":{"line":16,"column":11}},"16":{"start":{"line":17,"column":0},"end":{"line":17,"column":25}},"17":{"start":{"line":18,"column":0},"end":{"line":18,"column":28}},"18":{"start":{"line":19,"column":0},"end":{"line":19,"column":14}},"19":{"start":{"line":20,"column":0},"end":{"line":20,"column":13}},"20":{"start":{"line":21,"column":0},"end":{"line":21,"column":0}},"21":{"start":{"line":22,"column":0},"end":{"line":22,"column":25}},"22":{"start":{"line":23,"column":0},"end":{"line":23,"column":0}},"23":{"start":{"line":24,"column":0},"end":{"line":24,"column":10}},"24":{"start":{"line":25,"column":0},"end":{"line":25,"column":14}},"25":{"start":{"line":26,"column":0},"end":{"line":26,"column":30}},"26":{"start":{"line":27,"column":0},"end":{"line":27,"column":16}},"27":{"start":{"line":28,"column":0},"end":{"line":28,"column":15}},"28":{"start":{"line":29,"column":0},"end":{"line":29,"column":23}},"29":{"start":{"line":30,"column":0},"end":{"line":30,"column":13}},"30":{"start":{"line":31,"column":0},"end":{"line":31,"column":16}},"31":{"start":{"line":32,"column":0},"end":{"line":32,"column":0}},"32":{"start":{"line":33,"column":0},"end":{"line":33,"column":14}},"33":{"start":{"line":34,"column":0},"end":{"line":34,"column":29}},"34":{"start":{"line":35,"column":0},"end":{"line":35,"column":18}},"35":{"start":{"line":36,"column":0},"end":{"line":36,"column":19}},"36":{"start":{"line":37,"column":0},"end":{"line":37,"column":25}},"37":{"start":{"line":38,"column":0},"end":{"line":38,"column":13}},"38":{"start":{"line":39,"column":0},"end":{"line":39,"column":39}},"39":{"start":{"line":40,"column":0},"end":{"line":40,"column":5}},"40":{"start":{"line":41,"column":0},"end":{"line":41,"column":3}},"41":{"start":{"line":42,"column":0},"end":{"line":42,"column":0}},"42":{"start":{"line":43,"column":0},"end":{"line":43,"column":11}},"43":{"start":{"line":44,"column":0},"end":{"line":44,"column":29}},"44":{"start":{"line":45,"column":0},"end":{"line":45,"column":35}},"45":{"start":{"line":46,"column":0},"end":{"line":46,"column":0}},"46":{"start":{"line":47,"column":0},"end":{"line":47,"column":14}},"47":{"start":{"line":48,"column":0},"end":{"line":48,"column":17}},"48":{"start":{"line":49,"column":0},"end":{"line":49,"column":15}},"49":{"start":{"line":50,"column":0},"end":{"line":50,"column":27}},"50":{"start":{"line":51,"column":0},"end":{"line":51,"column":5}},"51":{"start":{"line":52,"column":0},"end":{"line":52,"column":3}},"52":{"start":{"line":53,"column":0},"end":{"line":53,"column":0}},"53":{"start":{"line":54,"column":0},"end":{"line":54,"column":14}},"54":{"start":{"line":55,"column":0},"end":{"line":55,"column":30}},"55":{"start":{"line":56,"column":0},"end":{"line":56,"column":32}},"56":{"start":{"line":57,"column":0},"end":{"line":57,"column":0}},"57":{"start":{"line":58,"column":0},"end":{"line":58,"column":14}},"58":{"start":{"line":59,"column":0},"end":{"line":59,"column":14}},"59":{"start":{"line":60,"column":0},"end":{"line":60,"column":18}},"60":{"start":{"line":61,"column":0},"end":{"line":61,"column":41}},"61":{"start":{"line":62,"column":0},"end":{"line":62,"column":5}},"62":{"start":{"line":63,"column":0},"end":{"line":63,"column":3}},"63":{"start":{"line":64,"column":0},"end":{"line":64,"column":0}},"64":{"start":{"line":65,"column":0},"end":{"line":65,"column":14}},"65":{"start":{"line":66,"column":0},"end":{"line":66,"column":0}},"66":{"start":{"line":67,"column":0},"end":{"line":67,"column":19}},"67":{"start":{"line":68,"column":0},"end":{"line":68,"column":14}},"68":{"start":{"line":69,"column":0},"end":{"line":69,"column":41}},"69":{"start":{"line":70,"column":0},"end":{"line":70,"column":5}},"70":{"start":{"line":71,"column":0},"end":{"line":71,"column":0}},"71":{"start":{"line":72,"column":0},"end":{"line":72,"column":22}},"72":{"start":{"line":73,"column":0},"end":{"line":73,"column":15}},"73":{"start":{"line":74,"column":0},"end":{"line":74,"column":27}},"74":{"start":{"line":75,"column":0},"end":{"line":75,"column":5}},"75":{"start":{"line":76,"column":0},"end":{"line":76,"column":3}},"76":{"start":{"line":77,"column":0},"end":{"line":77,"column":0}},"77":{"start":{"line":78,"column":0},"end":{"line":78,"column":13}},"78":{"start":{"line":79,"column":0},"end":{"line":79,"column":30}},"79":{"start":{"line":80,"column":0},"end":{"line":80,"column":3}},"80":{"start":{"line":81,"column":0},"end":{"line":81,"column":4}},"81":{"start":{"line":82,"column":0},"end":{"line":82,"column":0}},"82":{"start":{"line":83,"column":0},"end":{"line":83,"column":32}},"83":{"start":{"line":84,"column":0},"end":{"line":84,"column":18}},"84":{"start":{"line":85,"column":0},"end":{"line":85,"column":15}},"85":{"start":{"line":86,"column":0},"end":{"line":86,"column":12}},"86":{"start":{"line":87,"column":0},"end":{"line":87,"column":19}},"87":{"start":{"line":88,"column":0},"end":{"line":88,"column":11}},"88":{"start":{"line":89,"column":0},"end":{"line":89,"column":24}},"89":{"start":{"line":90,"column":0},"end":{"line":90,"column":28}},"90":{"start":{"line":91,"column":0},"end":{"line":91,"column":14}},"91":{"start":{"line":92,"column":0},"end":{"line":92,"column":13}},"92":{"start":{"line":93,"column":0},"end":{"line":93,"column":0}},"93":{"start":{"line":94,"column":0},"end":{"line":94,"column":25}},"94":{"start":{"line":95,"column":0},"end":{"line":95,"column":0}},"95":{"start":{"line":96,"column":0},"end":{"line":96,"column":10}},"96":{"start":{"line":97,"column":0},"end":{"line":97,"column":14}},"97":{"start":{"line":98,"column":0},"end":{"line":98,"column":30}},"98":{"start":{"line":99,"column":0},"end":{"line":99,"column":16}},"99":{"start":{"line":100,"column":0},"end":{"line":100,"column":15}},"100":{"start":{"line":101,"column":0},"end":{"line":101,"column":23}},"101":{"start":{"line":102,"column":0},"end":{"line":102,"column":13}},"102":{"start":{"line":103,"column":0},"end":{"line":103,"column":16}},"103":{"start":{"line":104,"column":0},"end":{"line":104,"column":0}},"104":{"start":{"line":105,"column":0},"end":{"line":105,"column":14}},"105":{"start":{"line":106,"column":0},"end":{"line":106,"column":29}},"106":{"start":{"line":107,"column":0},"end":{"line":107,"column":18}},"107":{"start":{"line":108,"column":0},"end":{"line":108,"column":19}},"108":{"start":{"line":109,"column":0},"end":{"line":109,"column":25}},"109":{"start":{"line":110,"column":0},"end":{"line":110,"column":13}},"110":{"start":{"line":111,"column":0},"end":{"line":111,"column":39}},"111":{"start":{"line":112,"column":0},"end":{"line":112,"column":5}},"112":{"start":{"line":113,"column":0},"end":{"line":113,"column":3}},"113":{"start":{"line":114,"column":0},"end":{"line":114,"column":0}},"114":{"start":{"line":115,"column":0},"end":{"line":115,"column":11}},"115":{"start":{"line":116,"column":0},"end":{"line":116,"column":29}},"116":{"start":{"line":117,"column":0},"end":{"line":117,"column":35}},"117":{"start":{"line":118,"column":0},"end":{"line":118,"column":0}},"118":{"start":{"line":119,"column":0},"end":{"line":119,"column":14}},"119":{"start":{"line":120,"column":0},"end":{"line":120,"column":17}},"120":{"start":{"line":121,"column":0},"end":{"line":121,"column":15}},"121":{"start":{"line":122,"column":0},"end":{"line":122,"column":27}},"122":{"start":{"line":123,"column":0},"end":{"line":123,"column":5}},"123":{"start":{"line":124,"column":0},"end":{"line":124,"column":3}},"124":{"start":{"line":125,"column":0},"end":{"line":125,"column":0}},"125":{"start":{"line":126,"column":0},"end":{"line":126,"column":14}},"126":{"start":{"line":127,"column":0},"end":{"line":127,"column":30}},"127":{"start":{"line":128,"column":0},"end":{"line":128,"column":32}},"128":{"start":{"line":129,"column":0},"end":{"line":129,"column":0}},"129":{"start":{"line":130,"column":0},"end":{"line":130,"column":14}},"130":{"start":{"line":131,"column":0},"end":{"line":131,"column":14}},"131":{"start":{"line":132,"column":0},"end":{"line":132,"column":18}},"132":{"start":{"line":133,"column":0},"end":{"line":133,"column":41}},"133":{"start":{"line":134,"column":0},"end":{"line":134,"column":5}},"134":{"start":{"line":135,"column":0},"end":{"line":135,"column":3}},"135":{"start":{"line":136,"column":0},"end":{"line":136,"column":0}},"136":{"start":{"line":137,"column":0},"end":{"line":137,"column":14}},"137":{"start":{"line":138,"column":0},"end":{"line":138,"column":0}},"138":{"start":{"line":139,"column":0},"end":{"line":139,"column":19}},"139":{"start":{"line":140,"column":0},"end":{"line":140,"column":14}},"140":{"start":{"line":141,"column":0},"end":{"line":141,"column":41}},"141":{"start":{"line":142,"column":0},"end":{"line":142,"column":5}},"142":{"start":{"line":143,"column":0},"end":{"line":143,"column":0}},"143":{"start":{"line":144,"column":0},"end":{"line":144,"column":22}},"144":{"start":{"line":145,"column":0},"end":{"line":145,"column":15}},"145":{"start":{"line":146,"column":0},"end":{"line":146,"column":27}},"146":{"start":{"line":147,"column":0},"end":{"line":147,"column":5}},"147":{"start":{"line":148,"column":0},"end":{"line":148,"column":3}},"148":{"start":{"line":149,"column":0},"end":{"line":149,"column":0}},"149":{"start":{"line":150,"column":0},"end":{"line":150,"column":13}},"150":{"start":{"line":151,"column":0},"end":{"line":151,"column":29}},"151":{"start":{"line":152,"column":0},"end":{"line":152,"column":3}},"152":{"start":{"line":153,"column":0},"end":{"line":153,"column":4}},"153":{"start":{"line":154,"column":0},"end":{"line":154,"column":31}},"154":{"start":{"line":155,"column":0},"end":{"line":155,"column":20}},"155":{"start":{"line":156,"column":0},"end":{"line":156,"column":25}},"156":{"start":{"line":157,"column":0},"end":{"line":157,"column":27}},"157":{"start":{"line":158,"column":0},"end":{"line":158,"column":35}},"158":{"start":{"line":159,"column":0},"end":{"line":159,"column":0}},"159":{"start":{"line":160,"column":0},"end":{"line":160,"column":28}},"160":{"start":{"line":161,"column":0},"end":{"line":161,"column":22}},"161":{"start":{"line":162,"column":0},"end":{"line":162,"column":7}},"162":{"start":{"line":163,"column":0},"end":{"line":163,"column":6}},"163":{"start":{"line":164,"column":0},"end":{"line":164,"column":0}},"164":{"start":{"line":165,"column":0},"end":{"line":165,"column":37}},"165":{"start":{"line":166,"column":0},"end":{"line":166,"column":20}},"166":{"start":{"line":167,"column":0},"end":{"line":167,"column":22}},"167":{"start":{"line":168,"column":0},"end":{"line":168,"column":23}},"168":{"start":{"line":169,"column":0},"end":{"line":169,"column":26}},"169":{"start":{"line":170,"column":0},"end":{"line":170,"column":6}},"170":{"start":{"line":171,"column":0},"end":{"line":171,"column":0}},"171":{"start":{"line":172,"column":0},"end":{"line":172,"column":31}},"172":{"start":{"line":173,"column":0},"end":{"line":173,"column":50}},"173":{"start":{"line":174,"column":0},"end":{"line":174,"column":0}},"174":{"start":{"line":175,"column":0},"end":{"line":175,"column":28}},"175":{"start":{"line":176,"column":0},"end":{"line":176,"column":26}},"176":{"start":{"line":177,"column":0},"end":{"line":177,"column":32}},"177":{"start":{"line":178,"column":0},"end":{"line":178,"column":15}},"178":{"start":{"line":179,"column":0},"end":{"line":179,"column":18}},"179":{"start":{"line":180,"column":0},"end":{"line":180,"column":27}},"180":{"start":{"line":181,"column":0},"end":{"line":181,"column":9}},"181":{"start":{"line":182,"column":0},"end":{"line":182,"column":5}},"182":{"start":{"line":183,"column":0},"end":{"line":183,"column":4}},"183":{"start":{"line":184,"column":0},"end":{"line":184,"column":0}},"184":{"start":{"line":185,"column":0},"end":{"line":185,"column":29}},"185":{"start":{"line":186,"column":0},"end":{"line":186,"column":26}},"186":{"start":{"line":187,"column":0},"end":{"line":187,"column":32}},"187":{"start":{"line":188,"column":0},"end":{"line":188,"column":15}},"188":{"start":{"line":189,"column":0},"end":{"line":189,"column":19}},"189":{"start":{"line":190,"column":0},"end":{"line":190,"column":27}},"190":{"start":{"line":191,"column":0},"end":{"line":191,"column":9}},"191":{"start":{"line":192,"column":0},"end":{"line":192,"column":5}},"192":{"start":{"line":193,"column":0},"end":{"line":193,"column":4}},"193":{"start":{"line":194,"column":0},"end":{"line":194,"column":0}},"194":{"start":{"line":195,"column":0},"end":{"line":195,"column":10}},"195":{"start":{"line":196,"column":0},"end":{"line":196,"column":21}},"196":{"start":{"line":197,"column":0},"end":{"line":197,"column":21}},"197":{"start":{"line":198,"column":0},"end":{"line":198,"column":39}},"198":{"start":{"line":199,"column":0},"end":{"line":199,"column":32}},"199":{"start":{"line":200,"column":0},"end":{"line":200,"column":35}},"200":{"start":{"line":201,"column":0},"end":{"line":201,"column":18}},"201":{"start":{"line":202,"column":0},"end":{"line":202,"column":8}},"202":{"start":{"line":203,"column":0},"end":{"line":203,"column":31}},"203":{"start":{"line":204,"column":0},"end":{"line":204,"column":47}},"204":{"start":{"line":205,"column":0},"end":{"line":205,"column":26}},"205":{"start":{"line":206,"column":0},"end":{"line":206,"column":26}},"206":{"start":{"line":207,"column":0},"end":{"line":207,"column":31}},"207":{"start":{"line":208,"column":0},"end":{"line":208,"column":12}},"208":{"start":{"line":209,"column":0},"end":{"line":209,"column":11}},"209":{"start":{"line":210,"column":0},"end":{"line":210,"column":18}},"210":{"start":{"line":211,"column":0},"end":{"line":211,"column":21}},"211":{"start":{"line":212,"column":0},"end":{"line":212,"column":39}},"212":{"start":{"line":213,"column":0},"end":{"line":213,"column":32}},"213":{"start":{"line":214,"column":0},"end":{"line":214,"column":35}},"214":{"start":{"line":215,"column":0},"end":{"line":215,"column":19}},"215":{"start":{"line":216,"column":0},"end":{"line":216,"column":8}},"216":{"start":{"line":217,"column":0},"end":{"line":217,"column":22}},"217":{"start":{"line":218,"column":0},"end":{"line":218,"column":4}},"218":{"start":{"line":219,"column":0},"end":{"line":219,"column":2}},"219":{"start":{"line":220,"column":0},"end":{"line":220,"column":0}},"220":{"start":{"line":221,"column":0},"end":{"line":221,"column":53}},"221":{"start":{"line":222,"column":0},"end":{"line":222,"column":25}},"222":{"start":{"line":223,"column":0},"end":{"line":223,"column":20}},"223":{"start":{"line":224,"column":0},"end":{"line":224,"column":21}},"224":{"start":{"line":225,"column":0},"end":{"line":225,"column":9}},"225":{"start":{"line":226,"column":0},"end":{"line":226,"column":6}},"226":{"start":{"line":227,"column":0},"end":{"line":227,"column":0}},"227":{"start":{"line":228,"column":0},"end":{"line":228,"column":15}},"228":{"start":{"line":229,"column":0},"end":{"line":229,"column":49}},"229":{"start":{"line":230,"column":0},"end":{"line":230,"column":36}},"230":{"start":{"line":231,"column":0},"end":{"line":231,"column":23}},"231":{"start":{"line":232,"column":0},"end":{"line":232,"column":28}},"232":{"start":{"line":233,"column":0},"end":{"line":233,"column":30}},"233":{"start":{"line":234,"column":0},"end":{"line":234,"column":0}},"234":{"start":{"line":235,"column":0},"end":{"line":235,"column":31}},"235":{"start":{"line":236,"column":0},"end":{"line":236,"column":25}},"236":{"start":{"line":237,"column":0},"end":{"line":237,"column":10}},"237":{"start":{"line":238,"column":0},"end":{"line":238,"column":9}},"238":{"start":{"line":239,"column":0},"end":{"line":239,"column":0}},"239":{"start":{"line":240,"column":0},"end":{"line":240,"column":42}},"240":{"start":{"line":241,"column":0},"end":{"line":241,"column":23}},"241":{"start":{"line":242,"column":0},"end":{"line":242,"column":26}},"242":{"start":{"line":243,"column":0},"end":{"line":243,"column":26}},"243":{"start":{"line":244,"column":0},"end":{"line":244,"column":9}},"244":{"start":{"line":245,"column":0},"end":{"line":245,"column":0}},"245":{"start":{"line":246,"column":0},"end":{"line":246,"column":39}},"246":{"start":{"line":247,"column":0},"end":{"line":247,"column":58}},"247":{"start":{"line":248,"column":0},"end":{"line":248,"column":0}},"248":{"start":{"line":249,"column":0},"end":{"line":249,"column":36}},"249":{"start":{"line":250,"column":0},"end":{"line":250,"column":34}},"250":{"start":{"line":251,"column":0},"end":{"line":251,"column":40}},"251":{"start":{"line":252,"column":0},"end":{"line":252,"column":23}},"252":{"start":{"line":253,"column":0},"end":{"line":253,"column":26}},"253":{"start":{"line":254,"column":0},"end":{"line":254,"column":35}},"254":{"start":{"line":255,"column":0},"end":{"line":255,"column":17}},"255":{"start":{"line":256,"column":0},"end":{"line":256,"column":13}},"256":{"start":{"line":257,"column":0},"end":{"line":257,"column":12}},"257":{"start":{"line":258,"column":0},"end":{"line":258,"column":0}},"258":{"start":{"line":259,"column":0},"end":{"line":259,"column":37}},"259":{"start":{"line":260,"column":0},"end":{"line":260,"column":34}},"260":{"start":{"line":261,"column":0},"end":{"line":261,"column":40}},"261":{"start":{"line":262,"column":0},"end":{"line":262,"column":23}},"262":{"start":{"line":263,"column":0},"end":{"line":263,"column":27}},"263":{"start":{"line":264,"column":0},"end":{"line":264,"column":35}},"264":{"start":{"line":265,"column":0},"end":{"line":265,"column":17}},"265":{"start":{"line":266,"column":0},"end":{"line":266,"column":13}},"266":{"start":{"line":267,"column":0},"end":{"line":267,"column":12}},"267":{"start":{"line":268,"column":0},"end":{"line":268,"column":0}},"268":{"start":{"line":269,"column":0},"end":{"line":269,"column":15}},"269":{"start":{"line":270,"column":0},"end":{"line":270,"column":26}},"270":{"start":{"line":271,"column":0},"end":{"line":271,"column":16}},"271":{"start":{"line":272,"column":0},"end":{"line":272,"column":35}},"272":{"start":{"line":273,"column":0},"end":{"line":273,"column":30}},"273":{"start":{"line":274,"column":0},"end":{"line":274,"column":24}},"274":{"start":{"line":275,"column":0},"end":{"line":275,"column":13}},"275":{"start":{"line":276,"column":0},"end":{"line":276,"column":22}},"276":{"start":{"line":277,"column":0},"end":{"line":277,"column":52}},"277":{"start":{"line":278,"column":0},"end":{"line":278,"column":31}},"278":{"start":{"line":279,"column":0},"end":{"line":279,"column":31}},"279":{"start":{"line":280,"column":0},"end":{"line":280,"column":36}},"280":{"start":{"line":281,"column":0},"end":{"line":281,"column":17}},"281":{"start":{"line":282,"column":0},"end":{"line":282,"column":16}},"282":{"start":{"line":283,"column":0},"end":{"line":283,"column":23}},"283":{"start":{"line":284,"column":0},"end":{"line":284,"column":24}},"284":{"start":{"line":285,"column":0},"end":{"line":285,"column":27}},"285":{"start":{"line":286,"column":0},"end":{"line":286,"column":9}},"286":{"start":{"line":287,"column":0},"end":{"line":287,"column":6}},"287":{"start":{"line":288,"column":0},"end":{"line":288,"column":4}},"288":{"start":{"line":289,"column":0},"end":{"line":289,"column":0}},"289":{"start":{"line":290,"column":0},"end":{"line":290,"column":34}}},"s":{"0":1,"1":1,"2":1,"3":1,"4":1,"5":1,"6":1,"7":1,"8":1,"9":1,"10":1,"11":1,"12":1,"13":1,"14":1,"15":1,"16":1,"17":1,"18":1,"19":1,"20":1,"21":1,"22":1,"23":1,"24":1,"25":1,"26":1,"27":1,"28":1,"29":1,"30":1,"31":1,"32":1,"33":1,"34":1,"35":1,"36":1,"37":1,"38":1,"39":1,"40":1,"41":1,"42":1,"43":1,"44":1,"45":1,"46":1,"47":1,"48":1,"49":1,"50":1,"51":1,"52":1,"53":1,"54":1,"55":1,"56":1,"57":1,"58":1,"59":1,"60":1,"61":1,"62":1,"63":1,"64":1,"65":1,"66":1,"67":1,"68":1,"69":1,"70":1,"71":1,"72":1,"73":1,"74":1,"75":1,"76":1,"77":1,"78":1,"79":1,"80":1,"81":1,"82":1,"83":1,"84":1,"85":1,"86":1,"87":1,"88":1,"89":1,"90":1,"91":1,"92":1,"93":1,"94":1,"95":1,"96":1,"97":1,"98":1,"99":1,"100":1,"101":1,"102":1,"103":1,"104":1,"105":1,"106":1,"107":1,"108":1,"109":1,"110":1,"111":1,"112":1,"113":1,"114":1,"115":1,"116":1,"117":1,"118":1,"119":1,"120":1,"121":1,"122":1,"123":1,"124":1,"125":1,"126":1,"127":1,"128":1,"129":1,"130":1,"131":1,"132":1,"133":1,"134":1,"135":1,"136":1,"137":1,"138":1,"139":1,"140":1,"141":1,"142":1,"143":1,"144":1,"145":1,"146":1,"147":1,"148":1,"149":1,"150":1,"151":1,"152":1,"153":1,"154":1,"155":1,"156":1,"157":1,"158":1,"159":1,"160":1,"161":1,"162":1,"163":1,"164":1,"165":1,"166":1,"167":1,"168":1,"169":1,"170":1,"171":1,"172":1,"173":1,"174":1,"175":0,"176":0,"177":0,"178":0,"179":0,"180":0,"181":0,"182":0,"183":1,"184":1,"185":0,"186":0,"187":0,"188":0,"189":0,"190":0,"191":0,"192":0,"193":1,"194":1,"195":1,"196":1,"197":0,"198":0,"199":1,"200":1,"201":1,"202":1,"203":1,"204":1,"205":1,"206":1,"207":1,"208":1,"209":1,"210":1,"211":0,"212":0,"213":1,"214":1,"215":1,"216":1,"217":1,"218":1,"219":1,"220":1,"221":1,"222":1,"223":1,"224":1,"225":1,"226":1,"227":1,"228":1,"229":1,"230":1,"231":1,"232":1,"233":1,"234":1,"235":1,"236":1,"237":1,"238":1,"239":1,"240":1,"241":1,"242":1,"243":1,"244":1,"245":1,"246":1,"247":1,"248":1,"249":1,"250":1,"251":1,"252":1,"253":1,"254":1,"255":1,"256":1,"257":1,"258":1,"259":1,"260":1,"261":1,"262":1,"263":1,"264":1,"265":1,"266":1,"267":1,"268":1,"269":1,"270":1,"271":1,"272":1,"273":1,"274":1,"275":1,"276":1,"277":1,"278":1,"279":1,"280":1,"281":1,"282":1,"283":1,"284":1,"285":1,"286":1,"287":1,"288":1,"289":1},"branchMap":{"0":{"type":"branch","line":10,"loc":{"start":{"line":10,"column":27},"end":{"line":219,"column":2}},"locations":[{"start":{"line":10,"column":27},"end":{"line":219,"column":2}}]},"1":{"type":"branch","line":197,"loc":{"start":{"line":197,"column":16},"end":{"line":200,"column":13}},"locations":[{"start":{"line":197,"column":16},"end":{"line":200,"column":13}}]},"2":{"type":"branch","line":211,"loc":{"start":{"line":211,"column":16},"end":{"line":214,"column":13}},"locations":[{"start":{"line":211,"column":16},"end":{"line":214,"column":13}}]}},"b":{"0":[1],"1":[0],"2":[0]},"fnMap":{"0":{"name":"RelatedProductList","decl":{"start":{"line":10,"column":27},"end":{"line":219,"column":2}},"loc":{"start":{"line":10,"column":27},"end":{"line":219,"column":2}},"line":10},"1":{"name":"scrollLeft","decl":{"start":{"line":175,"column":21},"end":{"line":183,"column":4}},"loc":{"start":{"line":175,"column":21},"end":{"line":183,"column":4}},"line":175},"2":{"name":"scrollRight","decl":{"start":{"line":185,"column":22},"end":{"line":193,"column":4}},"loc":{"start":{"line":185,"column":22},"end":{"line":193,"column":4}},"line":185}},"f":{"0":1,"1":0,"2":0}}
,"/Users/charlesleung/Documents/Hack Reactor/FEC/ProjectCatwalk/client/src/components/RelatedProducts/RelatedProducts.jsx": {"path":"/Users/charlesleung/Documents/Hack Reactor/FEC/ProjectCatwalk/client/src/components/RelatedProducts/RelatedProducts.jsx","all":false,"statementMap":{"0":{"start":{"line":1,"column":0},"end":{"line":1,"column":37}},"1":{"start":{"line":2,"column":0},"end":{"line":2,"column":38}},"2":{"start":{"line":3,"column":0},"end":{"line":3,"column":51}},"3":{"start":{"line":4,"column":0},"end":{"line":4,"column":23}},"4":{"start":{"line":5,"column":0},"end":{"line":5,"column":58}},"5":{"start":{"line":6,"column":0},"end":{"line":6,"column":0}},"6":{"start":{"line":7,"column":0},"end":{"line":7,"column":33}},"7":{"start":{"line":8,"column":0},"end":{"line":8,"column":56}},"8":{"start":{"line":9,"column":0},"end":{"line":9,"column":23}},"9":{"start":{"line":10,"column":0},"end":{"line":10,"column":0}},"10":{"start":{"line":11,"column":0},"end":{"line":11,"column":19}},"11":{"start":{"line":12,"column":0},"end":{"line":12,"column":12}},"12":{"start":{"line":13,"column":0},"end":{"line":13,"column":19}},"13":{"start":{"line":14,"column":0},"end":{"line":14,"column":41}},"14":{"start":{"line":15,"column":0},"end":{"line":15,"column":38}},"15":{"start":{"line":16,"column":0},"end":{"line":16,"column":35}},"16":{"start":{"line":17,"column":0},"end":{"line":17,"column":29}},"17":{"start":{"line":18,"column":0},"end":{"line":18,"column":44}},"18":{"start":{"line":19,"column":0},"end":{"line":19,"column":57}},"19":{"start":{"line":20,"column":0},"end":{"line":20,"column":24}},"20":{"start":{"line":21,"column":0},"end":{"line":21,"column":8}},"21":{"start":{"line":22,"column":0},"end":{"line":22,"column":48}},"22":{"start":{"line":23,"column":0},"end":{"line":23,"column":7}},"23":{"start":{"line":24,"column":0},"end":{"line":24,"column":23}},"24":{"start":{"line":25,"column":0},"end":{"line":25,"column":0}},"25":{"start":{"line":26,"column":0},"end":{"line":26,"column":10}},"26":{"start":{"line":27,"column":0},"end":{"line":27,"column":9}},"27":{"start":{"line":28,"column":0},"end":{"line":28,"column":57}},"28":{"start":{"line":29,"column":0},"end":{"line":29,"column":68}},"29":{"start":{"line":30,"column":0},"end":{"line":30,"column":10}},"30":{"start":{"line":31,"column":0},"end":{"line":31,"column":4}},"31":{"start":{"line":32,"column":0},"end":{"line":32,"column":1}},"32":{"start":{"line":33,"column":0},"end":{"line":33,"column":0}},"33":{"start":{"line":34,"column":0},"end":{"line":34,"column":50}},"34":{"start":{"line":35,"column":0},"end":{"line":35,"column":25}},"35":{"start":{"line":36,"column":0},"end":{"line":36,"column":20}},"36":{"start":{"line":37,"column":0},"end":{"line":37,"column":21}},"37":{"start":{"line":38,"column":0},"end":{"line":38,"column":44}},"38":{"start":{"line":39,"column":0},"end":{"line":39,"column":9}},"39":{"start":{"line":40,"column":0},"end":{"line":40,"column":6}},"40":{"start":{"line":41,"column":0},"end":{"line":41,"column":0}},"41":{"start":{"line":42,"column":0},"end":{"line":42,"column":26}},"42":{"start":{"line":43,"column":0},"end":{"line":43,"column":33}},"43":{"start":{"line":44,"column":0},"end":{"line":44,"column":15}},"44":{"start":{"line":45,"column":0},"end":{"line":45,"column":22}},"45":{"start":{"line":46,"column":0},"end":{"line":46,"column":44}},"46":{"start":{"line":47,"column":0},"end":{"line":47,"column":41}},"47":{"start":{"line":48,"column":0},"end":{"line":48,"column":38}},"48":{"start":{"line":49,"column":0},"end":{"line":49,"column":32}},"49":{"start":{"line":50,"column":0},"end":{"line":50,"column":47}},"50":{"start":{"line":51,"column":0},"end":{"line":51,"column":60}},"51":{"start":{"line":52,"column":0},"end":{"line":52,"column":25}},"52":{"start":{"line":53,"column":0},"end":{"line":53,"column":41}},"53":{"start":{"line":54,"column":0},"end":{"line":54,"column":13}},"54":{"start":{"line":55,"column":0},"end":{"line":55,"column":11}},"55":{"start":{"line":56,"column":0},"end":{"line":56,"column":51}},"56":{"start":{"line":57,"column":0},"end":{"line":57,"column":10}},"57":{"start":{"line":58,"column":0},"end":{"line":58,"column":6}},"58":{"start":{"line":59,"column":0},"end":{"line":59,"column":0}},"59":{"start":{"line":60,"column":0},"end":{"line":60,"column":15}},"60":{"start":{"line":61,"column":0},"end":{"line":61,"column":49}},"61":{"start":{"line":62,"column":0},"end":{"line":62,"column":15}},"62":{"start":{"line":63,"column":0},"end":{"line":63,"column":14}},"63":{"start":{"line":64,"column":0},"end":{"line":64,"column":73}},"64":{"start":{"line":65,"column":0},"end":{"line":65,"column":15}},"65":{"start":{"line":66,"column":0},"end":{"line":66,"column":9}},"66":{"start":{"line":67,"column":0},"end":{"line":67,"column":6}},"67":{"start":{"line":68,"column":0},"end":{"line":68,"column":4}},"68":{"start":{"line":69,"column":0},"end":{"line":69,"column":0}},"69":{"start":{"line":70,"column":0},"end":{"line":70,"column":31}}},"s":{"0":1,"1":1,"2":1,"3":1,"4":1,"5":1,"6":1,"7":1,"8":1,"9":1,"10":1,"11":1,"12":1,"13":1,"14":1,"15":1,"16":1,"17":0,"18":0,"19":0,"20":0,"21":1,"22":1,"23":1,"24":1,"25":1,"26":1,"27":1,"28":1,"29":1,"30":1,"31":1,"32":1,"33":1,"34":1,"35":1,"36":1,"37":1,"38":1,"39":1,"40":1,"41":1,"42":1,"43":1,"44":1,"45":1,"46":1,"47":1,"48":1,"49":1,"50":1,"51":1,"52":1,"53":1,"54":1,"55":1,"56":1,"57":1,"58":1,"59":1,"60":1,"61":1,"62":1,"63":1,"64":1,"65":1,"66":1,"67":1,"68":1,"69":1},"branchMap":{"0":{"type":"branch","line":7,"loc":{"start":{"line":7,"column":0},"end":{"line":32,"column":1}},"locations":[{"start":{"line":7,"column":0},"end":{"line":32,"column":1}}]},"1":{"type":"branch","line":11,"loc":{"start":{"line":11,"column":12},"end":{"line":24,"column":5}},"locations":[{"start":{"line":11,"column":12},"end":{"line":24,"column":5}}]}},"b":{"0":[1],"1":[1]},"fnMap":{"0":{"name":"RelatedProducts","decl":{"start":{"line":7,"column":0},"end":{"line":32,"column":1}},"loc":{"start":{"line":7,"column":0},"end":{"line":32,"column":1}},"line":7},"1":{"name":"success","decl":{"start":{"line":17,"column":15},"end":{"line":21,"column":8}},"loc":{"start":{"line":17,"column":15},"end":{"line":21,"column":8}},"line":17},"2":{"name":"error","decl":{"start":{"line":22,"column":13},"end":{"line":22,"column":14}},"loc":{"start":{"line":22,"column":13},"end":{"line":22,"column":14}},"line":22}},"f":{"0":1,"1":0,"2":0}}
,"/Users/charlesleung/Documents/Hack Reactor/FEC/ProjectCatwalk/client/src/components/RelatedProducts/aRelatedProduct.jsx": {"path":"/Users/charlesleung/Documents/Hack Reactor/FEC/ProjectCatwalk/client/src/components/RelatedProducts/aRelatedProduct.jsx","all":false,"statementMap":{"0":{"start":{"line":1,"column":0},"end":{"line":1,"column":41}},"1":{"start":{"line":2,"column":0},"end":{"line":2,"column":33}},"2":{"start":{"line":3,"column":0},"end":{"line":3,"column":38}},"3":{"start":{"line":4,"column":0},"end":{"line":4,"column":37}},"4":{"start":{"line":5,"column":0},"end":{"line":5,"column":0}},"5":{"start":{"line":6,"column":0},"end":{"line":6,"column":26}},"6":{"start":{"line":7,"column":0},"end":{"line":7,"column":23}},"7":{"start":{"line":8,"column":0},"end":{"line":8,"column":39}},"8":{"start":{"line":9,"column":0},"end":{"line":9,"column":32}},"9":{"start":{"line":10,"column":0},"end":{"line":10,"column":0}},"10":{"start":{"line":11,"column":0},"end":{"line":11,"column":47}},"11":{"start":{"line":12,"column":0},"end":{"line":12,"column":22}},"12":{"start":{"line":13,"column":0},"end":{"line":13,"column":17}},"13":{"start":{"line":14,"column":0},"end":{"line":14,"column":18}},"14":{"start":{"line":15,"column":0},"end":{"line":15,"column":15}},"15":{"start":{"line":16,"column":0},"end":{"line":16,"column":15}},"16":{"start":{"line":17,"column":0},"end":{"line":17,"column":22}},"17":{"start":{"line":18,"column":0},"end":{"line":18,"column":17}},"18":{"start":{"line":19,"column":0},"end":{"line":19,"column":24}},"19":{"start":{"line":20,"column":0},"end":{"line":20,"column":19}},"20":{"start":{"line":21,"column":0},"end":{"line":21,"column":23}},"21":{"start":{"line":22,"column":0},"end":{"line":22,"column":6}},"22":{"start":{"line":23,"column":0},"end":{"line":23,"column":47}},"23":{"start":{"line":24,"column":0},"end":{"line":24,"column":3}},"24":{"start":{"line":25,"column":0},"end":{"line":25,"column":0}},"25":{"start":{"line":26,"column":0},"end":{"line":26,"column":23}},"26":{"start":{"line":27,"column":0},"end":{"line":27,"column":36}},"27":{"start":{"line":28,"column":0},"end":{"line":28,"column":12}},"28":{"start":{"line":29,"column":0},"end":{"line":29,"column":21}},"29":{"start":{"line":30,"column":0},"end":{"line":30,"column":55}},"30":{"start":{"line":31,"column":0},"end":{"line":31,"column":38}},"31":{"start":{"line":32,"column":0},"end":{"line":32,"column":41}},"32":{"start":{"line":33,"column":0},"end":{"line":33,"column":29}},"33":{"start":{"line":34,"column":0},"end":{"line":34,"column":29}},"34":{"start":{"line":35,"column":0},"end":{"line":35,"column":24}},"35":{"start":{"line":36,"column":0},"end":{"line":36,"column":22}},"36":{"start":{"line":37,"column":0},"end":{"line":37,"column":24}},"37":{"start":{"line":38,"column":0},"end":{"line":38,"column":43}},"38":{"start":{"line":39,"column":0},"end":{"line":39,"column":46}},"39":{"start":{"line":40,"column":0},"end":{"line":40,"column":66}},"40":{"start":{"line":41,"column":0},"end":{"line":41,"column":52}},"41":{"start":{"line":42,"column":0},"end":{"line":42,"column":11}},"42":{"start":{"line":43,"column":0},"end":{"line":43,"column":41}},"43":{"start":{"line":44,"column":0},"end":{"line":44,"column":45}},"44":{"start":{"line":45,"column":0},"end":{"line":45,"column":36}},"45":{"start":{"line":46,"column":0},"end":{"line":46,"column":9}},"46":{"start":{"line":47,"column":0},"end":{"line":47,"column":37}},"47":{"start":{"line":48,"column":0},"end":{"line":48,"column":39}},"48":{"start":{"line":49,"column":0},"end":{"line":49,"column":16}},"49":{"start":{"line":50,"column":0},"end":{"line":50,"column":37}},"50":{"start":{"line":51,"column":0},"end":{"line":51,"column":9}},"51":{"start":{"line":52,"column":0},"end":{"line":52,"column":22}},"52":{"start":{"line":53,"column":0},"end":{"line":53,"column":11}},"53":{"start":{"line":54,"column":0},"end":{"line":54,"column":31}},"54":{"start":{"line":55,"column":0},"end":{"line":55,"column":49}},"55":{"start":{"line":56,"column":0},"end":{"line":56,"column":45}},"56":{"start":{"line":57,"column":0},"end":{"line":57,"column":62}},"57":{"start":{"line":58,"column":0},"end":{"line":58,"column":35}},"58":{"start":{"line":59,"column":0},"end":{"line":59,"column":39}},"59":{"start":{"line":60,"column":0},"end":{"line":60,"column":12}},"60":{"start":{"line":61,"column":0},"end":{"line":61,"column":10}},"61":{"start":{"line":62,"column":0},"end":{"line":62,"column":8}},"62":{"start":{"line":63,"column":0},"end":{"line":63,"column":39}},"63":{"start":{"line":64,"column":0},"end":{"line":64,"column":7}},"64":{"start":{"line":65,"column":0},"end":{"line":65,"column":3}},"65":{"start":{"line":66,"column":0},"end":{"line":66,"column":0}},"66":{"start":{"line":67,"column":0},"end":{"line":67,"column":15}},"67":{"start":{"line":68,"column":0},"end":{"line":68,"column":18}},"68":{"start":{"line":69,"column":0},"end":{"line":69,"column":43}},"69":{"start":{"line":70,"column":0},"end":{"line":70,"column":6}},"70":{"start":{"line":71,"column":0},"end":{"line":71,"column":3}},"71":{"start":{"line":72,"column":0},"end":{"line":72,"column":0}},"72":{"start":{"line":73,"column":0},"end":{"line":73,"column":12}},"73":{"start":{"line":74,"column":0},"end":{"line":74,"column":32}},"74":{"start":{"line":75,"column":0},"end":{"line":75,"column":33}},"75":{"start":{"line":76,"column":0},"end":{"line":76,"column":42}},"76":{"start":{"line":77,"column":0},"end":{"line":77,"column":41}},"77":{"start":{"line":78,"column":0},"end":{"line":78,"column":34}},"78":{"start":{"line":79,"column":0},"end":{"line":79,"column":36}},"79":{"start":{"line":80,"column":0},"end":{"line":80,"column":37}},"80":{"start":{"line":81,"column":0},"end":{"line":81,"column":0}},"81":{"start":{"line":82,"column":0},"end":{"line":82,"column":46}},"82":{"start":{"line":83,"column":0},"end":{"line":83,"column":19}},"83":{"start":{"line":84,"column":0},"end":{"line":84,"column":19}},"84":{"start":{"line":85,"column":0},"end":{"line":85,"column":21}},"85":{"start":{"line":86,"column":0},"end":{"line":86,"column":21}},"86":{"start":{"line":87,"column":0},"end":{"line":87,"column":17}},"87":{"start":{"line":88,"column":0},"end":{"line":88,"column":23}},"88":{"start":{"line":89,"column":0},"end":{"line":89,"column":26}},"89":{"start":{"line":90,"column":0},"end":{"line":90,"column":5}},"90":{"start":{"line":91,"column":0},"end":{"line":91,"column":0}},"91":{"start":{"line":92,"column":0},"end":{"line":92,"column":13}},"92":{"start":{"line":93,"column":0},"end":{"line":93,"column":23}},"93":{"start":{"line":94,"column":0},"end":{"line":94,"column":23}},"94":{"start":{"line":95,"column":0},"end":{"line":95,"column":5}},"95":{"start":{"line":96,"column":0},"end":{"line":96,"column":4}},"96":{"start":{"line":97,"column":0},"end":{"line":97,"column":0}},"97":{"start":{"line":98,"column":0},"end":{"line":98,"column":27}},"98":{"start":{"line":99,"column":0},"end":{"line":99,"column":18}},"99":{"start":{"line":100,"column":0},"end":{"line":100,"column":17}},"100":{"start":{"line":101,"column":0},"end":{"line":101,"column":22}},"101":{"start":{"line":102,"column":0},"end":{"line":102,"column":4}},"102":{"start":{"line":103,"column":0},"end":{"line":103,"column":0}},"103":{"start":{"line":104,"column":0},"end":{"line":104,"column":33}},"104":{"start":{"line":105,"column":0},"end":{"line":105,"column":20}},"105":{"start":{"line":106,"column":0},"end":{"line":106,"column":35}},"106":{"start":{"line":107,"column":0},"end":{"line":107,"column":28}},"107":{"start":{"line":108,"column":0},"end":{"line":108,"column":27}},"108":{"start":{"line":109,"column":0},"end":{"line":109,"column":17}},"109":{"start":{"line":110,"column":0},"end":{"line":110,"column":17}},"110":{"start":{"line":111,"column":0},"end":{"line":111,"column":4}},"111":{"start":{"line":112,"column":0},"end":{"line":112,"column":0}},"112":{"start":{"line":113,"column":0},"end":{"line":113,"column":38}},"113":{"start":{"line":114,"column":0},"end":{"line":114,"column":24}},"114":{"start":{"line":115,"column":0},"end":{"line":115,"column":24}},"115":{"start":{"line":116,"column":0},"end":{"line":116,"column":24}},"116":{"start":{"line":117,"column":0},"end":{"line":117,"column":21}},"117":{"start":{"line":118,"column":0},"end":{"line":118,"column":26}},"118":{"start":{"line":119,"column":0},"end":{"line":119,"column":96}},"119":{"start":{"line":120,"column":0},"end":{"line":120,"column":0}},"120":{"start":{"line":121,"column":0},"end":{"line":121,"column":15}},"121":{"start":{"line":122,"column":0},"end":{"line":122,"column":25}},"122":{"start":{"line":123,"column":0},"end":{"line":123,"column":17}},"123":{"start":{"line":124,"column":0},"end":{"line":124,"column":16}},"124":{"start":{"line":125,"column":0},"end":{"line":125,"column":20}},"125":{"start":{"line":126,"column":0},"end":{"line":126,"column":39}},"126":{"start":{"line":127,"column":0},"end":{"line":127,"column":43}},"127":{"start":{"line":128,"column":0},"end":{"line":128,"column":22}},"128":{"start":{"line":129,"column":0},"end":{"line":129,"column":18}},"129":{"start":{"line":130,"column":0},"end":{"line":130,"column":26}},"130":{"start":{"line":131,"column":0},"end":{"line":131,"column":22}},"131":{"start":{"line":132,"column":0},"end":{"line":132,"column":7}},"132":{"start":{"line":133,"column":0},"end":{"line":133,"column":19}},"133":{"start":{"line":134,"column":0},"end":{"line":134,"column":22}},"134":{"start":{"line":135,"column":0},"end":{"line":135,"column":21}},"135":{"start":{"line":136,"column":0},"end":{"line":136,"column":32}},"136":{"start":{"line":137,"column":0},"end":{"line":137,"column":26}},"137":{"start":{"line":138,"column":0},"end":{"line":138,"column":25}},"138":{"start":{"line":139,"column":0},"end":{"line":139,"column":19}},"139":{"start":{"line":140,"column":0},"end":{"line":140,"column":21}},"140":{"start":{"line":141,"column":0},"end":{"line":141,"column":7}},"141":{"start":{"line":142,"column":0},"end":{"line":142,"column":17}},"142":{"start":{"line":143,"column":0},"end":{"line":143,"column":17}},"143":{"start":{"line":144,"column":0},"end":{"line":144,"column":25}},"144":{"start":{"line":145,"column":0},"end":{"line":145,"column":20}},"145":{"start":{"line":146,"column":0},"end":{"line":146,"column":5}},"146":{"start":{"line":147,"column":0},"end":{"line":147,"column":17}},"147":{"start":{"line":148,"column":0},"end":{"line":148,"column":29}},"148":{"start":{"line":149,"column":0},"end":{"line":149,"column":27}},"149":{"start":{"line":150,"column":0},"end":{"line":150,"column":17}},"150":{"start":{"line":151,"column":0},"end":{"line":151,"column":5}},"151":{"start":{"line":152,"column":0},"end":{"line":152,"column":22}},"152":{"start":{"line":153,"column":0},"end":{"line":153,"column":17}},"153":{"start":{"line":154,"column":0},"end":{"line":154,"column":25}},"154":{"start":{"line":155,"column":0},"end":{"line":155,"column":21}},"155":{"start":{"line":156,"column":0},"end":{"line":156,"column":7}},"156":{"start":{"line":157,"column":0},"end":{"line":157,"column":23}},"157":{"start":{"line":158,"column":0},"end":{"line":158,"column":20}},"158":{"start":{"line":159,"column":0},"end":{"line":159,"column":23}},"159":{"start":{"line":160,"column":0},"end":{"line":160,"column":26}},"160":{"start":{"line":161,"column":0},"end":{"line":161,"column":5}},"161":{"start":{"line":162,"column":0},"end":{"line":162,"column":25}},"162":{"start":{"line":163,"column":0},"end":{"line":163,"column":27}},"163":{"start":{"line":164,"column":0},"end":{"line":164,"column":98}},"164":{"start":{"line":165,"column":0},"end":{"line":165,"column":5}},"165":{"start":{"line":166,"column":0},"end":{"line":166,"column":0}},"166":{"start":{"line":167,"column":0},"end":{"line":167,"column":26}},"167":{"start":{"line":168,"column":0},"end":{"line":168,"column":33}},"168":{"start":{"line":169,"column":0},"end":{"line":169,"column":5}},"169":{"start":{"line":170,"column":0},"end":{"line":170,"column":0}},"170":{"start":{"line":171,"column":0},"end":{"line":171,"column":14}},"171":{"start":{"line":172,"column":0},"end":{"line":172,"column":190}},"172":{"start":{"line":173,"column":0},"end":{"line":173,"column":5}},"173":{"start":{"line":174,"column":0},"end":{"line":174,"column":0}},"174":{"start":{"line":175,"column":0},"end":{"line":175,"column":9}},"175":{"start":{"line":176,"column":0},"end":{"line":176,"column":21}},"176":{"start":{"line":177,"column":0},"end":{"line":177,"column":19}},"177":{"start":{"line":178,"column":0},"end":{"line":178,"column":5}},"178":{"start":{"line":179,"column":0},"end":{"line":179,"column":4}},"179":{"start":{"line":180,"column":0},"end":{"line":180,"column":0}},"180":{"start":{"line":181,"column":0},"end":{"line":181,"column":12}},"181":{"start":{"line":182,"column":0},"end":{"line":182,"column":8}},"182":{"start":{"line":183,"column":0},"end":{"line":183,"column":19}},"183":{"start":{"line":184,"column":0},"end":{"line":184,"column":26}},"184":{"start":{"line":185,"column":0},"end":{"line":185,"column":33}},"185":{"start":{"line":186,"column":0},"end":{"line":186,"column":59}},"186":{"start":{"line":187,"column":0},"end":{"line":187,"column":18}},"187":{"start":{"line":188,"column":0},"end":{"line":188,"column":36}},"188":{"start":{"line":189,"column":0},"end":{"line":189,"column":40}},"189":{"start":{"line":190,"column":0},"end":{"line":190,"column":25}},"190":{"start":{"line":191,"column":0},"end":{"line":191,"column":21}},"191":{"start":{"line":192,"column":0},"end":{"line":192,"column":26}},"192":{"start":{"line":193,"column":0},"end":{"line":193,"column":20}},"193":{"start":{"line":194,"column":0},"end":{"line":194,"column":37}},"194":{"start":{"line":195,"column":0},"end":{"line":195,"column":36}},"195":{"start":{"line":196,"column":0},"end":{"line":196,"column":36}},"196":{"start":{"line":197,"column":0},"end":{"line":197,"column":21}},"197":{"start":{"line":198,"column":0},"end":{"line":198,"column":21}},"198":{"start":{"line":199,"column":0},"end":{"line":199,"column":22}},"199":{"start":{"line":200,"column":0},"end":{"line":200,"column":20}},"200":{"start":{"line":201,"column":0},"end":{"line":201,"column":37}},"201":{"start":{"line":202,"column":0},"end":{"line":202,"column":36}},"202":{"start":{"line":203,"column":0},"end":{"line":203,"column":20}},"203":{"start":{"line":204,"column":0},"end":{"line":204,"column":19}},"204":{"start":{"line":205,"column":0},"end":{"line":205,"column":21}},"205":{"start":{"line":206,"column":0},"end":{"line":206,"column":19}},"206":{"start":{"line":207,"column":0},"end":{"line":207,"column":17}},"207":{"start":{"line":208,"column":0},"end":{"line":208,"column":37}},"208":{"start":{"line":209,"column":0},"end":{"line":209,"column":36}},"209":{"start":{"line":210,"column":0},"end":{"line":210,"column":21}},"210":{"start":{"line":211,"column":0},"end":{"line":211,"column":19}},"211":{"start":{"line":212,"column":0},"end":{"line":212,"column":29}},"212":{"start":{"line":213,"column":0},"end":{"line":213,"column":37}},"213":{"start":{"line":214,"column":0},"end":{"line":214,"column":37}},"214":{"start":{"line":215,"column":0},"end":{"line":215,"column":39}},"215":{"start":{"line":216,"column":0},"end":{"line":216,"column":34}},"216":{"start":{"line":217,"column":0},"end":{"line":217,"column":21}},"217":{"start":{"line":218,"column":0},"end":{"line":218,"column":21}},"218":{"start":{"line":219,"column":0},"end":{"line":219,"column":73}},"219":{"start":{"line":220,"column":0},"end":{"line":220,"column":20}},"220":{"start":{"line":221,"column":0},"end":{"line":221,"column":18}},"221":{"start":{"line":222,"column":0},"end":{"line":222,"column":27}},"222":{"start":{"line":223,"column":0},"end":{"line":223,"column":20}},"223":{"start":{"line":224,"column":0},"end":{"line":224,"column":66}},"224":{"start":{"line":225,"column":0},"end":{"line":225,"column":9}},"225":{"start":{"line":226,"column":0},"end":{"line":226,"column":6}},"226":{"start":{"line":227,"column":0},"end":{"line":227,"column":3}},"227":{"start":{"line":228,"column":0},"end":{"line":228,"column":1}},"228":{"start":{"line":229,"column":0},"end":{"line":229,"column":0}},"229":{"start":{"line":230,"column":0},"end":{"line":230,"column":31}},"230":{"start":{"line":231,"column":0},"end":{"line":231,"column":17}},"231":{"start":{"line":232,"column":0},"end":{"line":232,"column":34}},"232":{"start":{"line":233,"column":0},"end":{"line":233,"column":27}},"233":{"start":{"line":234,"column":0},"end":{"line":234,"column":26}},"234":{"start":{"line":235,"column":0},"end":{"line":235,"column":16}},"235":{"start":{"line":236,"column":0},"end":{"line":236,"column":23}},"236":{"start":{"line":237,"column":0},"end":{"line":237,"column":23}},"237":{"start":{"line":238,"column":0},"end":{"line":238,"column":23}},"238":{"start":{"line":239,"column":0},"end":{"line":239,"column":20}}},"s":{"0":1,"1":1,"2":1,"3":1,"4":1,"5":1,"6":1,"7":1,"8":1,"9":1,"10":1,"11":1,"12":0,"13":0,"14":0,"15":0,"16":0,"17":0,"18":0,"19":0,"20":0,"21":0,"22":0,"23":0,"24":1,"25":1,"26":0,"27":0,"28":0,"29":0,"30":0,"31":0,"32":0,"33":0,"34":0,"35":0,"36":0,"37":0,"38":0,"39":0,"40":0,"41":0,"42":0,"43":0,"44":0,"45":0,"46":0,"47":0,"48":0,"49":0,"50":0,"51":0,"52":0,"53":0,"54":0,"55":0,"56":0,"57":0,"58":0,"59":0,"60":0,"61":0,"62":0,"63":0,"64":0,"65":1,"66":1,"67":0,"68":0,"69":0,"70":0,"71":1,"72":1,"73":0,"74":0,"75":0,"76":0,"77":0,"78":0,"79":0,"80":0,"81":0,"82":0,"83":0,"84":0,"85":0,"86":0,"87":0,"88":0,"89":0,"90":0,"91":0,"92":0,"93":0,"94":0,"95":0,"96":0,"97":0,"98":0,"99":0,"100":0,"101":0,"102":0,"103":0,"104":0,"105":0,"106":0,"107":0,"108":0,"109":0,"110":0,"111":0,"112":0,"113":0,"114":0,"115":0,"116":0,"117":0,"118":0,"119":0,"120":0,"121":0,"122":0,"123":0,"124":0,"125":0,"126":0,"127":0,"128":0,"129":0,"130":0,"131":0,"132":0,"133":0,"134":0,"135":0,"136":0,"137":0,"138":0,"139":0,"140":0,"141":0,"142":0,"143":0,"144":0,"145":0,"146":0,"147":0,"148":0,"149":0,"150":0,"151":0,"152":0,"153":0,"154":0,"155":0,"156":0,"157":0,"158":0,"159":0,"160":0,"161":0,"162":0,"163":0,"164":0,"165":0,"166":0,"167":0,"168":0,"169":0,"170":0,"171":0,"172":0,"173":0,"174":0,"175":0,"176":0,"177":0,"178":0,"179":0,"180":0,"181":0,"182":0,"183":0,"184":0,"185":0,"186":0,"187":0,"188":0,"189":0,"190":0,"191":0,"192":0,"193":0,"194":0,"195":0,"196":0,"197":0,"198":0,"199":0,"200":0,"201":0,"202":0,"203":0,"204":0,"205":0,"206":0,"207":0,"208":0,"209":0,"210":0,"211":0,"212":0,"213":0,"214":0,"215":0,"216":0,"217":0,"218":0,"219":0,"220":0,"221":0,"222":0,"223":0,"224":0,"225":0,"226":0,"227":1,"228":1,"229":1,"230":1,"231":1,"232":1,"233":1,"234":1,"235":1,"236":1,"237":1,"238":1},"branchMap":{},"b":{},"fnMap":{"0":{"name":"ARelatedProduct","decl":{"start":{"line":12,"column":2},"end":{"line":24,"column":3}},"loc":{"start":{"line":12,"column":2},"end":{"line":24,"column":3}},"line":12},"1":{"name":"componentDidMount","decl":{"start":{"line":26,"column":2},"end":{"line":65,"column":3}},"loc":{"start":{"line":26,"column":2},"end":{"line":65,"column":3}},"line":26},"2":{"name":"openModal","decl":{"start":{"line":67,"column":2},"end":{"line":71,"column":3}},"loc":{"start":{"line":67,"column":2},"end":{"line":71,"column":3}},"line":67},"3":{"name":"render","decl":{"start":{"line":73,"column":2},"end":{"line":227,"column":3}},"loc":{"start":{"line":73,"column":2},"end":{"line":227,"column":3}},"line":73}},"f":{"0":0,"1":0,"2":0,"3":0}}
}
